[1.753s] DEBUG:colcon:Command line arguments: ['/usr/bin/colcon', 'build', '--packages-select', 'osr_control']
[1.754s] DEBUG:colcon:Parsed command line arguments: Namespace(log_base=None, log_level=None, verb_name='build', build_base='build', install_base='install', merge_install=False, symlink_install=False, test_result_base=None, continue_on_error=False, executor='parallel', parallel_workers=4, event_handlers=None, ignore_user_meta=False, metas=['./colcon.meta'], base_paths=['.'], packages_ignore=None, packages_ignore_regex=None, paths=None, packages_up_to=None, packages_up_to_regex=None, packages_above=None, packages_above_and_dependencies=None, packages_above_depth=None, packages_select_by_dep=None, packages_skip_by_dep=None, packages_skip_up_to=None, packages_select_build_failed=False, packages_skip_build_finished=False, packages_select_test_failures=False, packages_skip_test_passed=False, packages_select=['osr_control'], packages_skip=None, packages_select_regex=None, packages_skip_regex=None, packages_start=None, packages_end=None, allow_overriding=[], cmake_args=None, cmake_target=None, cmake_target_skip_unavailable=False, cmake_clean_cache=False, cmake_clean_first=False, cmake_force_configure=False, ament_cmake_args=None, catkin_cmake_args=None, catkin_skip_building_tests=False, mixin_files=None, mixin=None, verb_parser=<colcon_mixin.mixin.mixin_argument.MixinArgumentDecorator object at 0xffff9183aad0>, verb_extension=<colcon_core.verb.build.BuildVerb object at 0xffff91957190>, main=<bound method BuildVerb.main of <colcon_core.verb.build.BuildVerb object at 0xffff91957190>>, mixin_verb=('build',))
[5.916s] Level 1:colcon.colcon_core.package_discovery:discover_packages(colcon_meta) check parameters
[5.916s] Level 1:colcon.colcon_core.package_discovery:discover_packages(recursive) check parameters
[5.918s] Level 1:colcon.colcon_core.package_discovery:discover_packages(ignore) check parameters
[5.918s] Level 1:colcon.colcon_core.package_discovery:discover_packages(path) check parameters
[5.919s] Level 1:colcon.colcon_core.package_discovery:discover_packages(colcon_meta) discover
[5.922s] Level 1:colcon.colcon_core.package_discovery:discover_packages(recursive) discover
[5.922s] INFO:colcon.colcon_core.package_discovery:Crawling recursively for packages in '/home/wheely/osr_ws/src/osr-rover-code/ROS/navigation_osr/navigation_osr'
[5.926s] Level 1:colcon.colcon_core.package_identification:_identify(.) by extensions ['ignore', 'ignore_ament_install']
[5.927s] Level 1:colcon.colcon_core.package_identification:_identify(.) by extension 'ignore'
[5.930s] Level 1:colcon.colcon_core.package_identification:_identify(.) by extension 'ignore_ament_install'
[5.930s] Level 1:colcon.colcon_core.package_identification:_identify(.) by extensions ['colcon_pkg']
[5.931s] Level 1:colcon.colcon_core.package_identification:_identify(.) by extension 'colcon_pkg'
[5.933s] Level 1:colcon.colcon_core.package_identification:_identify(.) by extensions ['colcon_meta']
[5.934s] Level 1:colcon.colcon_core.package_identification:_identify(.) by extension 'colcon_meta'
[5.937s] Level 1:colcon.colcon_core.package_identification:_identify(.) by extensions ['ros']
[5.938s] Level 1:colcon.colcon_core.package_identification:_identify(.) by extension 'ros'
[6.152s] Level 1:colcon.colcon_core.package_identification:_identify(.) by extensions ['cmake', 'python']
[6.153s] Level 1:colcon.colcon_core.package_identification:_identify(.) by extension 'cmake'
[6.154s] Level 1:colcon.colcon_core.package_identification:_identify(.) by extension 'python'
[6.154s] Level 1:colcon.colcon_core.package_identification:_identify(.) by extensions ['python_setup_py']
[6.155s] Level 1:colcon.colcon_core.package_identification:_identify(.) by extension 'python_setup_py'
[6.157s] Level 1:colcon.colcon_core.package_identification:_identify(Prueba 2 borrar) by extensions ['ignore', 'ignore_ament_install']
[6.158s] Level 1:colcon.colcon_core.package_identification:_identify(Prueba 2 borrar) by extension 'ignore'
[6.158s] Level 1:colcon.colcon_core.package_identification:_identify(Prueba 2 borrar) by extension 'ignore_ament_install'
[6.160s] Level 1:colcon.colcon_core.package_identification:_identify(Prueba 2 borrar) by extensions ['colcon_pkg']
[6.160s] Level 1:colcon.colcon_core.package_identification:_identify(Prueba 2 borrar) by extension 'colcon_pkg'
[6.161s] Level 1:colcon.colcon_core.package_identification:_identify(Prueba 2 borrar) by extensions ['colcon_meta']
[6.162s] Level 1:colcon.colcon_core.package_identification:_identify(Prueba 2 borrar) by extension 'colcon_meta'
[6.162s] Level 1:colcon.colcon_core.package_identification:_identify(Prueba 2 borrar) by extensions ['ros']
[6.162s] Level 1:colcon.colcon_core.package_identification:_identify(Prueba 2 borrar) by extension 'ros'
[6.163s] Level 1:colcon.colcon_core.package_identification:_identify(Prueba 2 borrar) by extensions ['cmake', 'python']
[6.164s] Level 1:colcon.colcon_core.package_identification:_identify(Prueba 2 borrar) by extension 'cmake'
[6.164s] Level 1:colcon.colcon_core.package_identification:_identify(Prueba 2 borrar) by extension 'python'
[6.165s] Level 1:colcon.colcon_core.package_identification:_identify(Prueba 2 borrar) by extensions ['python_setup_py']
[6.171s] Level 1:colcon.colcon_core.package_identification:_identify(Prueba 2 borrar) by extension 'python_setup_py'
[6.172s] Level 1:colcon.colcon_core.package_identification:_identify(__pycache__) by extensions ['ignore', 'ignore_ament_install']
[6.173s] Level 1:colcon.colcon_core.package_identification:_identify(__pycache__) by extension 'ignore'
[6.174s] Level 1:colcon.colcon_core.package_identification:_identify(__pycache__) by extension 'ignore_ament_install'
[6.174s] Level 1:colcon.colcon_core.package_identification:_identify(__pycache__) by extensions ['colcon_pkg']
[6.174s] Level 1:colcon.colcon_core.package_identification:_identify(__pycache__) by extension 'colcon_pkg'
[6.175s] Level 1:colcon.colcon_core.package_identification:_identify(__pycache__) by extensions ['colcon_meta']
[6.175s] Level 1:colcon.colcon_core.package_identification:_identify(__pycache__) by extension 'colcon_meta'
[6.176s] Level 1:colcon.colcon_core.package_identification:_identify(__pycache__) by extensions ['ros']
[6.176s] Level 1:colcon.colcon_core.package_identification:_identify(__pycache__) by extension 'ros'
[6.177s] Level 1:colcon.colcon_core.package_identification:_identify(__pycache__) by extensions ['cmake', 'python']
[6.177s] Level 1:colcon.colcon_core.package_identification:_identify(__pycache__) by extension 'cmake'
[6.178s] Level 1:colcon.colcon_core.package_identification:_identify(__pycache__) by extension 'python'
[6.178s] Level 1:colcon.colcon_core.package_identification:_identify(__pycache__) by extensions ['python_setup_py']
[6.178s] Level 1:colcon.colcon_core.package_identification:_identify(__pycache__) by extension 'python_setup_py'
[6.179s] Level 1:colcon.colcon_core.package_identification:_identify(build) by extensions ['ignore', 'ignore_ament_install']
[6.180s] Level 1:colcon.colcon_core.package_identification:_identify(build) by extension 'ignore'
[6.180s] Level 1:colcon.colcon_core.package_identification:_identify(build) ignored
[6.182s] Level 1:colcon.colcon_core.package_identification:_identify(install) by extensions ['ignore', 'ignore_ament_install']
[6.182s] Level 1:colcon.colcon_core.package_identification:_identify(install) by extension 'ignore'
[6.185s] Level 1:colcon.colcon_core.package_identification:_identify(install) ignored
[6.186s] Level 1:colcon.colcon_core.package_identification:_identify(launch) by extensions ['ignore', 'ignore_ament_install']
[6.187s] Level 1:colcon.colcon_core.package_identification:_identify(launch) by extension 'ignore'
[6.187s] Level 1:colcon.colcon_core.package_identification:_identify(launch) by extension 'ignore_ament_install'
[6.188s] Level 1:colcon.colcon_core.package_identification:_identify(launch) by extensions ['colcon_pkg']
[6.188s] Level 1:colcon.colcon_core.package_identification:_identify(launch) by extension 'colcon_pkg'
[6.189s] Level 1:colcon.colcon_core.package_identification:_identify(launch) by extensions ['colcon_meta']
[6.189s] Level 1:colcon.colcon_core.package_identification:_identify(launch) by extension 'colcon_meta'
[6.189s] Level 1:colcon.colcon_core.package_identification:_identify(launch) by extensions ['ros']
[6.190s] Level 1:colcon.colcon_core.package_identification:_identify(launch) by extension 'ros'
[6.191s] Level 1:colcon.colcon_core.package_identification:_identify(launch) by extensions ['cmake', 'python']
[6.210s] Level 1:colcon.colcon_core.package_identification:_identify(launch) by extension 'cmake'
[6.211s] Level 1:colcon.colcon_core.package_identification:_identify(launch) by extension 'python'
[6.212s] Level 1:colcon.colcon_core.package_identification:_identify(launch) by extensions ['python_setup_py']
[6.212s] Level 1:colcon.colcon_core.package_identification:_identify(launch) by extension 'python_setup_py'
[6.214s] Level 1:colcon.colcon_core.package_identification:_identify(log) by extensions ['ignore', 'ignore_ament_install']
[6.216s] Level 1:colcon.colcon_core.package_identification:_identify(log) by extension 'ignore'
[6.216s] Level 1:colcon.colcon_core.package_identification:_identify(log) ignored
[6.217s] Level 1:colcon.colcon_core.package_discovery:discover_packages(recursive) using defaults
[6.219s] Level 1:colcon.colcon_core.package_discovery:discover_packages(ignore) discover
[6.219s] Level 1:colcon.colcon_core.package_discovery:discover_packages(ignore) using defaults
[6.219s] Level 1:colcon.colcon_core.package_discovery:discover_packages(path) discover
[6.219s] Level 1:colcon.colcon_core.package_discovery:discover_packages(path) using defaults
[6.220s] WARNING:colcon.colcon_core.package_selection:ignoring unknown package 'osr_control' in --packages-select
[6.422s] Level 1:colcon.colcon_core.package_discovery:discover_packages(prefix_path) check parameters
[6.422s] Level 1:colcon.colcon_core.package_discovery:discover_packages(prefix_path) discover
[6.457s] DEBUG:colcon.colcon_installed_package_information.package_discovery:Found 8 installed packages in /home/wheely/ros2_ws/install
[6.470s] DEBUG:colcon.colcon_installed_package_information.package_discovery:Found 5 installed packages in /home/wheely/osr_ws/install
[6.488s] DEBUG:colcon.colcon_installed_package_information.package_discovery:Found 289 installed packages in /opt/ros/humble
[6.513s] Level 1:colcon.colcon_core.package_discovery:discover_packages(prefix_path) using defaults
[7.106s] INFO:colcon.colcon_core.executor:Executing jobs using 'parallel' executor
[7.116s] DEBUG:colcon.colcon_parallel_executor.executor.parallel:run_until_complete
[7.116s] DEBUG:colcon.colcon_parallel_executor.executor.parallel:closing loop
[7.119s] DEBUG:colcon.colcon_parallel_executor.executor.parallel:loop closed
[7.123s] DEBUG:colcon.colcon_parallel_executor.executor.parallel:run_until_complete finished with '0'
[7.124s] DEBUG:colcon.colcon_core.event_reactor:joining thread
[7.187s] INFO:colcon.colcon_core.plugin_system:Skipping extension 'colcon_notification.desktop_notification.terminal_notifier': Not used on non-Darwin systems
[7.188s] INFO:colcon.colcon_core.plugin_system:Skipping extension 'colcon_notification.desktop_notification.win32': Not used on non-Windows systems
[7.189s] INFO:colcon.colcon_notification.desktop_notification:Sending desktop notification using 'notify2'
[7.316s] DEBUG:colcon.colcon_core.event_reactor:joined thread
[7.354s] INFO:colcon.colcon_core.plugin_system:Skipping extension 'colcon_core.shell.bat': Not used on non-Windows systems
[7.376s] INFO:colcon.colcon_core.shell:Creating prefix script '/home/wheely/osr_ws/src/osr-rover-code/ROS/navigation_osr/navigation_osr/install/local_setup.ps1'
[7.390s] INFO:colcon.colcon_core.shell:Creating prefix util module '/home/wheely/osr_ws/src/osr-rover-code/ROS/navigation_osr/navigation_osr/install/_local_setup_util_ps1.py'
[7.412s] INFO:colcon.colcon_core.shell:Creating prefix chain script '/home/wheely/osr_ws/src/osr-rover-code/ROS/navigation_osr/navigation_osr/install/setup.ps1'
