[0.841s] DEBUG:colcon:Command line arguments: ['/usr/bin/colcon', 'build', '--packages-select', 'osr_control']
[0.842s] DEBUG:colcon:Parsed command line arguments: Namespace(log_base=None, log_level=None, verb_name='build', build_base='build', install_base='install', merge_install=False, symlink_install=False, test_result_base=None, continue_on_error=False, executor='parallel', parallel_workers=4, event_handlers=None, ignore_user_meta=False, metas=['./colcon.meta'], base_paths=['.'], packages_ignore=None, packages_ignore_regex=None, paths=None, packages_up_to=None, packages_up_to_regex=None, packages_above=None, packages_above_and_dependencies=None, packages_above_depth=None, packages_select_by_dep=None, packages_skip_by_dep=None, packages_skip_up_to=None, packages_select_build_failed=False, packages_skip_build_finished=False, packages_select_test_failures=False, packages_skip_test_passed=False, packages_select=['osr_control'], packages_skip=None, packages_select_regex=None, packages_skip_regex=None, packages_start=None, packages_end=None, allow_overriding=[], cmake_args=None, cmake_target=None, cmake_target_skip_unavailable=False, cmake_clean_cache=False, cmake_clean_first=False, cmake_force_configure=False, ament_cmake_args=None, catkin_cmake_args=None, catkin_skip_building_tests=False, mixin_files=None, mixin=None, verb_parser=<colcon_mixin.mixin.mixin_argument.MixinArgumentDecorator object at 0xffff98bcaad0>, verb_extension=<colcon_core.verb.build.BuildVerb object at 0xffff98ce7190>, main=<bound method BuildVerb.main of <colcon_core.verb.build.BuildVerb object at 0xffff98ce7190>>, mixin_verb=('build',))
[3.311s] Level 1:colcon.colcon_core.package_discovery:discover_packages(colcon_meta) check parameters
[3.312s] Level 1:colcon.colcon_core.package_discovery:discover_packages(recursive) check parameters
[3.313s] Level 1:colcon.colcon_core.package_discovery:discover_packages(ignore) check parameters
[3.316s] Level 1:colcon.colcon_core.package_discovery:discover_packages(path) check parameters
[3.317s] Level 1:colcon.colcon_core.package_discovery:discover_packages(colcon_meta) discover
[3.319s] Level 1:colcon.colcon_core.package_discovery:discover_packages(recursive) discover
[3.320s] INFO:colcon.colcon_core.package_discovery:Crawling recursively for packages in '/home/wheely/osr_ws/src/osr-rover-code/ROS/navigation_osr/navigation_osr'
[3.324s] Level 1:colcon.colcon_core.package_identification:_identify(.) by extensions ['ignore', 'ignore_ament_install']
[3.324s] Level 1:colcon.colcon_core.package_identification:_identify(.) by extension 'ignore'
[3.325s] Level 1:colcon.colcon_core.package_identification:_identify(.) by extension 'ignore_ament_install'
[3.327s] Level 1:colcon.colcon_core.package_identification:_identify(.) by extensions ['colcon_pkg']
[3.327s] Level 1:colcon.colcon_core.package_identification:_identify(.) by extension 'colcon_pkg'
[3.331s] Level 1:colcon.colcon_core.package_identification:_identify(.) by extensions ['colcon_meta']
[3.332s] Level 1:colcon.colcon_core.package_identification:_identify(.) by extension 'colcon_meta'
[3.332s] Level 1:colcon.colcon_core.package_identification:_identify(.) by extensions ['ros']
[3.334s] Level 1:colcon.colcon_core.package_identification:_identify(.) by extension 'ros'
[3.511s] Level 1:colcon.colcon_core.package_identification:_identify(.) by extensions ['cmake', 'python']
[3.512s] Level 1:colcon.colcon_core.package_identification:_identify(.) by extension 'cmake'
[3.513s] Level 1:colcon.colcon_core.package_identification:_identify(.) by extension 'python'
[3.513s] Level 1:colcon.colcon_core.package_identification:_identify(.) by extensions ['python_setup_py']
[3.514s] Level 1:colcon.colcon_core.package_identification:_identify(.) by extension 'python_setup_py'
[3.516s] Level 1:colcon.colcon_core.package_identification:_identify(Prueba 2 borrar) by extensions ['ignore', 'ignore_ament_install']
[3.517s] Level 1:colcon.colcon_core.package_identification:_identify(Prueba 2 borrar) by extension 'ignore'
[3.519s] Level 1:colcon.colcon_core.package_identification:_identify(Prueba 2 borrar) by extension 'ignore_ament_install'
[3.520s] Level 1:colcon.colcon_core.package_identification:_identify(Prueba 2 borrar) by extensions ['colcon_pkg']
[3.521s] Level 1:colcon.colcon_core.package_identification:_identify(Prueba 2 borrar) by extension 'colcon_pkg'
[3.523s] Level 1:colcon.colcon_core.package_identification:_identify(Prueba 2 borrar) by extensions ['colcon_meta']
[3.523s] Level 1:colcon.colcon_core.package_identification:_identify(Prueba 2 borrar) by extension 'colcon_meta'
[3.524s] Level 1:colcon.colcon_core.package_identification:_identify(Prueba 2 borrar) by extensions ['ros']
[3.524s] Level 1:colcon.colcon_core.package_identification:_identify(Prueba 2 borrar) by extension 'ros'
[3.525s] Level 1:colcon.colcon_core.package_identification:_identify(Prueba 2 borrar) by extensions ['cmake', 'python']
[3.526s] Level 1:colcon.colcon_core.package_identification:_identify(Prueba 2 borrar) by extension 'cmake'
[3.526s] Level 1:colcon.colcon_core.package_identification:_identify(Prueba 2 borrar) by extension 'python'
[3.527s] Level 1:colcon.colcon_core.package_identification:_identify(Prueba 2 borrar) by extensions ['python_setup_py']
[3.527s] Level 1:colcon.colcon_core.package_identification:_identify(Prueba 2 borrar) by extension 'python_setup_py'
[3.529s] Level 1:colcon.colcon_core.package_identification:_identify(__pycache__) by extensions ['ignore', 'ignore_ament_install']
[3.531s] Level 1:colcon.colcon_core.package_identification:_identify(__pycache__) by extension 'ignore'
[3.532s] Level 1:colcon.colcon_core.package_identification:_identify(__pycache__) by extension 'ignore_ament_install'
[3.532s] Level 1:colcon.colcon_core.package_identification:_identify(__pycache__) by extensions ['colcon_pkg']
[3.532s] Level 1:colcon.colcon_core.package_identification:_identify(__pycache__) by extension 'colcon_pkg'
[3.533s] Level 1:colcon.colcon_core.package_identification:_identify(__pycache__) by extensions ['colcon_meta']
[3.533s] Level 1:colcon.colcon_core.package_identification:_identify(__pycache__) by extension 'colcon_meta'
[3.534s] Level 1:colcon.colcon_core.package_identification:_identify(__pycache__) by extensions ['ros']
[3.534s] Level 1:colcon.colcon_core.package_identification:_identify(__pycache__) by extension 'ros'
[3.535s] Level 1:colcon.colcon_core.package_identification:_identify(__pycache__) by extensions ['cmake', 'python']
[3.536s] Level 1:colcon.colcon_core.package_identification:_identify(__pycache__) by extension 'cmake'
[3.538s] Level 1:colcon.colcon_core.package_identification:_identify(__pycache__) by extension 'python'
[3.539s] Level 1:colcon.colcon_core.package_identification:_identify(__pycache__) by extensions ['python_setup_py']
[3.539s] Level 1:colcon.colcon_core.package_identification:_identify(__pycache__) by extension 'python_setup_py'
[3.540s] Level 1:colcon.colcon_core.package_identification:_identify(build) by extensions ['ignore', 'ignore_ament_install']
[3.541s] Level 1:colcon.colcon_core.package_identification:_identify(build) by extension 'ignore'
[3.544s] Level 1:colcon.colcon_core.package_identification:_identify(build) ignored
[3.545s] Level 1:colcon.colcon_core.package_identification:_identify(install) by extensions ['ignore', 'ignore_ament_install']
[3.546s] Level 1:colcon.colcon_core.package_identification:_identify(install) by extension 'ignore'
[3.547s] Level 1:colcon.colcon_core.package_identification:_identify(install) ignored
[3.548s] Level 1:colcon.colcon_core.package_identification:_identify(launch) by extensions ['ignore', 'ignore_ament_install']
[3.549s] Level 1:colcon.colcon_core.package_identification:_identify(launch) by extension 'ignore'
[3.550s] Level 1:colcon.colcon_core.package_identification:_identify(launch) by extension 'ignore_ament_install'
[3.552s] Level 1:colcon.colcon_core.package_identification:_identify(launch) by extensions ['colcon_pkg']
[3.552s] Level 1:colcon.colcon_core.package_identification:_identify(launch) by extension 'colcon_pkg'
[3.553s] Level 1:colcon.colcon_core.package_identification:_identify(launch) by extensions ['colcon_meta']
[3.553s] Level 1:colcon.colcon_core.package_identification:_identify(launch) by extension 'colcon_meta'
[3.554s] Level 1:colcon.colcon_core.package_identification:_identify(launch) by extensions ['ros']
[3.554s] Level 1:colcon.colcon_core.package_identification:_identify(launch) by extension 'ros'
[3.556s] Level 1:colcon.colcon_core.package_identification:_identify(launch) by extensions ['cmake', 'python']
[3.558s] Level 1:colcon.colcon_core.package_identification:_identify(launch) by extension 'cmake'
[3.559s] Level 1:colcon.colcon_core.package_identification:_identify(launch) by extension 'python'
[3.559s] Level 1:colcon.colcon_core.package_identification:_identify(launch) by extensions ['python_setup_py']
[3.561s] Level 1:colcon.colcon_core.package_identification:_identify(launch) by extension 'python_setup_py'
[3.567s] Level 1:colcon.colcon_core.package_identification:_identify(log) by extensions ['ignore', 'ignore_ament_install']
[3.568s] Level 1:colcon.colcon_core.package_identification:_identify(log) by extension 'ignore'
[3.569s] Level 1:colcon.colcon_core.package_identification:_identify(log) ignored
[3.569s] Level 1:colcon.colcon_core.package_discovery:discover_packages(recursive) using defaults
[3.570s] Level 1:colcon.colcon_core.package_discovery:discover_packages(ignore) discover
[3.573s] Level 1:colcon.colcon_core.package_discovery:discover_packages(ignore) using defaults
[3.575s] Level 1:colcon.colcon_core.package_discovery:discover_packages(path) discover
[3.575s] Level 1:colcon.colcon_core.package_discovery:discover_packages(path) using defaults
[3.579s] WARNING:colcon.colcon_core.package_selection:ignoring unknown package 'osr_control' in --packages-select
[3.769s] Level 1:colcon.colcon_core.package_discovery:discover_packages(prefix_path) check parameters
[3.770s] Level 1:colcon.colcon_core.package_discovery:discover_packages(prefix_path) discover
[3.801s] DEBUG:colcon.colcon_installed_package_information.package_discovery:Found 8 installed packages in /home/wheely/ros2_ws/install
[3.806s] DEBUG:colcon.colcon_installed_package_information.package_discovery:Found 5 installed packages in /home/wheely/osr_ws/install
[3.826s] DEBUG:colcon.colcon_installed_package_information.package_discovery:Found 289 installed packages in /opt/ros/humble
[3.861s] Level 1:colcon.colcon_core.package_discovery:discover_packages(prefix_path) using defaults
[4.446s] INFO:colcon.colcon_core.executor:Executing jobs using 'parallel' executor
[4.451s] DEBUG:colcon.colcon_parallel_executor.executor.parallel:run_until_complete
[4.451s] DEBUG:colcon.colcon_parallel_executor.executor.parallel:closing loop
[4.452s] DEBUG:colcon.colcon_parallel_executor.executor.parallel:loop closed
[4.452s] DEBUG:colcon.colcon_parallel_executor.executor.parallel:run_until_complete finished with '0'
[4.453s] DEBUG:colcon.colcon_core.event_reactor:joining thread
[4.508s] INFO:colcon.colcon_core.plugin_system:Skipping extension 'colcon_notification.desktop_notification.terminal_notifier': Not used on non-Darwin systems
[4.509s] INFO:colcon.colcon_core.plugin_system:Skipping extension 'colcon_notification.desktop_notification.win32': Not used on non-Windows systems
[4.509s] INFO:colcon.colcon_notification.desktop_notification:Sending desktop notification using 'notify2'
[4.632s] DEBUG:colcon.colcon_core.event_reactor:joined thread
[4.648s] INFO:colcon.colcon_core.plugin_system:Skipping extension 'colcon_core.shell.bat': Not used on non-Windows systems
[4.650s] INFO:colcon.colcon_core.shell:Creating prefix script '/home/wheely/osr_ws/src/osr-rover-code/ROS/navigation_osr/navigation_osr/install/local_setup.ps1'
[4.655s] INFO:colcon.colcon_core.shell:Creating prefix util module '/home/wheely/osr_ws/src/osr-rover-code/ROS/navigation_osr/navigation_osr/install/_local_setup_util_ps1.py'
[4.662s] INFO:colcon.colcon_core.shell:Creating prefix chain script '/home/wheely/osr_ws/src/osr-rover-code/ROS/navigation_osr/navigation_osr/install/setup.ps1'
[4.675s] INFO:colcon.colcon_core.shell:Creating prefix script '/home/wheely/osr_ws/src/osr-rover-code/ROS/navigation_osr/navigation_osr/install/local_setup.sh'
[4.680s] INFO:colcon.colcon_core.shell:Creating prefix util module '/home/wheely/osr_ws/src/osr-rover-code/ROS/navigation_osr/navigation_osr/install/_local_setup_util_sh.py'
[4.687s] INFO:colcon.colcon_core.shell:Creating prefix chain script '/home/wheely/osr_ws/src/osr-rover-code/ROS/navigation_osr/navigation_osr/install/setup.sh'
[4.707s] INFO:colcon.colcon_core.shell:Creating prefix script '/home/wheely/osr_ws/src/osr-rover-code/ROS/navigation_osr/navigation_osr/install/local_setup.bash'
[4.711s] INFO:colcon.colcon_core.shell:Creating prefix chain script '/home/wheely/osr_ws/src/osr-rover-code/ROS/navigation_osr/navigation_osr/install/setup.bash'
[4.730s] INFO:colcon.colcon_core.shell:Creating prefix script '/home/wheely/osr_ws/src/osr-rover-code/ROS/navigation_osr/navigation_osr/install/local_setup.zsh'
[4.733s] INFO:colcon.colcon_core.shell:Creating prefix chain script '/home/wheely/osr_ws/src/osr-rover-code/ROS/navigation_osr/navigation_osr/install/setup.zsh'
